This file contains any messages produced by compilers while
running configure, to aid debugging if configure makes a mistake.

It was created by pe-thumbnailer configure 0.1, which was
generated by GNU Autoconf 2.61.  Invocation command line was

  $ ./configure 

## --------- ##
## Platform. ##
## --------- ##

hostname = arginine
uname -m = x86_64
uname -r = 2.6.26.5-45.fc9.x86_64
uname -s = Linux
uname -v = #1 SMP Sat Sep 20 03:23:12 EDT 2008

/usr/bin/uname -p = unknown
/bin/uname -X     = unknown

/bin/arch              = x86_64
/usr/bin/arch -k       = unknown
/usr/convex/getsysinfo = unknown
/usr/bin/hostinfo      = unknown
/bin/machine           = unknown
/usr/bin/oslevel       = unknown
/bin/universe          = unknown

PATH: /usr/lib64/qt-3.3/bin
PATH: /usr/kerberos/bin
PATH: /usr/lib64/ccache
PATH: /usr/local/bin
PATH: /usr/bin
PATH: /bin
PATH: /home/draco/bin


## ----------- ##
## Core tests. ##
## ----------- ##

configure:1750: checking for a BSD-compatible install
configure:1806: result: /usr/bin/install -c
configure:1817: checking whether build environment is sane
configure:1860: result: yes
configure:1888: checking for a thread-safe mkdir -p
configure:1927: result: /bin/mkdir -p
configure:1940: checking for gawk
configure:1956: found /usr/bin/gawk
configure:1967: result: gawk
configure:1978: checking whether make sets $(MAKE)
configure:1999: result: yes
configure:2188: checking whether to enable maintainer-specific portions of Makefiles
configure:2197: result: no
configure:2223: checking for a BSD-compatible install
configure:2279: result: /usr/bin/install -c
configure:2339: checking for gcc
configure:2355: found /usr/lib64/ccache/gcc
configure:2366: result: gcc
configure:2604: checking for C compiler version
configure:2611: gcc --version >&5
gcc (GCC) 4.3.0 20080428 (Red Hat 4.3.0-8)
Copyright (C) 2008 Free Software Foundation, Inc.
This is free software; see the source for copying conditions.  There is NO
warranty; not even for MERCHANTABILITY or FITNESS FOR A PARTICULAR PURPOSE.

configure:2614: $? = 0
configure:2621: gcc -v >&5
Using built-in specs.
Target: x86_64-redhat-linux
Configured with: ../configure --prefix=/usr --mandir=/usr/share/man --infodir=/usr/share/info --with-bugurl=http://bugzilla.redhat.com/bugzilla --enable-bootstrap --enable-shared --enable-threads=posix --enable-checking=release --with-system-zlib --enable-__cxa_atexit --disable-libunwind-exceptions --enable-languages=c,c++,objc,obj-c++,java,fortran,ada --enable-java-awt=gtk --disable-dssi --enable-plugin --with-java-home=/usr/lib/jvm/java-1.5.0-gcj-1.5.0.0/jre --enable-libgcj-multifile --enable-java-maintainer-mode --with-ecj-jar=/usr/share/java/eclipse-ecj.jar --disable-libjava-multilib --with-cpu=generic --build=x86_64-redhat-linux
Thread model: posix
gcc version 4.3.0 20080428 (Red Hat 4.3.0-8) (GCC) 
configure:2624: $? = 0
configure:2631: gcc -V >&5
gcc: '-V' option must have argument
configure:2634: $? = 1
configure:2657: checking for C compiler default output file name
configure:2684: gcc    conftest.c  >&5
configure:2687: $? = 0
configure:2725: result: a.out
configure:2742: checking whether the C compiler works
configure:2752: ./a.out
configure:2755: $? = 0
configure:2772: result: yes
configure:2779: checking whether we are cross compiling
configure:2781: result: no
configure:2784: checking for suffix of executables
configure:2791: gcc -o conftest    conftest.c  >&5
configure:2794: $? = 0
configure:2818: result: 
configure:2824: checking for suffix of object files
configure:2850: gcc -c   conftest.c >&5
configure:2853: $? = 0
configure:2876: result: o
configure:2880: checking whether we are using the GNU C compiler
configure:2909: gcc -c   conftest.c >&5
configure:2915: $? = 0
configure:2932: result: yes
configure:2937: checking whether gcc accepts -g
configure:2967: gcc -c -g  conftest.c >&5
configure:2973: $? = 0
configure:3072: result: yes
configure:3089: checking for gcc option to accept ISO C89
configure:3163: gcc  -c -g -O2  conftest.c >&5
configure:3169: $? = 0
configure:3192: result: none needed
configure:3221: checking for style of include used by make
configure:3249: result: GNU
configure:3274: checking dependency style of gcc
configure:3365: result: gcc3
configure:3430: checking for pkg-config
configure:3448: found /usr/bin/pkg-config
configure:3460: result: /usr/bin/pkg-config
configure:3489: checking pkg-config is at least version 0.9.0
configure:3492: result: yes
configure:3503: checking for PE_THUMBNAILER
configure:3513: $PKG_CONFIG --exists --print-errors "
gtk+-2.0 >= 2.0,
gio-2.0 >= 2.0
"
configure:3519: $? = 0
configure:3538: $PKG_CONFIG --exists --print-errors "
gtk+-2.0 >= 2.0,
gio-2.0 >= 2.0
"
configure:3544: $? = 0
configure:3634: result: yes
configure:3795: creating ./config.status

## ---------------------- ##
## Running config.status. ##
## ---------------------- ##

This file was extended by pe-thumbnailer config.status 0.1, which was
generated by GNU Autoconf 2.61.  Invocation command line was

  CONFIG_FILES    = 
  CONFIG_HEADERS  = 
  CONFIG_LINKS    = 
  CONFIG_COMMANDS = 
  $ ./config.status 

on arginine

config.status:621: creating Makefile
config.status:812: executing depfiles commands

## ---------------- ##
## Cache variables. ##
## ---------------- ##

ac_cv_c_compiler_gnu=yes
ac_cv_env_CC_set=
ac_cv_env_CC_value=
ac_cv_env_CFLAGS_set=
ac_cv_env_CFLAGS_value=
ac_cv_env_CPPFLAGS_set=
ac_cv_env_CPPFLAGS_value=
ac_cv_env_LDFLAGS_set=
ac_cv_env_LDFLAGS_value=
ac_cv_env_LIBS_set=
ac_cv_env_LIBS_value=
ac_cv_env_PE_THUMBNAILER_CFLAGS_set=
ac_cv_env_PE_THUMBNAILER_CFLAGS_value=
ac_cv_env_PE_THUMBNAILER_LIBS_set=
ac_cv_env_PE_THUMBNAILER_LIBS_value=
ac_cv_env_PKG_CONFIG_set=
ac_cv_env_PKG_CONFIG_value=
ac_cv_env_build_alias_set=
ac_cv_env_build_alias_value=
ac_cv_env_host_alias_set=
ac_cv_env_host_alias_value=
ac_cv_env_target_alias_set=
ac_cv_env_target_alias_value=
ac_cv_objext=o
ac_cv_path_ac_pt_PKG_CONFIG=/usr/bin/pkg-config
ac_cv_path_install='/usr/bin/install -c'
ac_cv_path_mkdir=/bin/mkdir
ac_cv_prog_AWK=gawk
ac_cv_prog_ac_ct_CC=gcc
ac_cv_prog_cc_c89=
ac_cv_prog_cc_g=yes
ac_cv_prog_make_make_set=yes
am_cv_CC_dependencies_compiler_type=gcc3
pkg_cv_PE_THUMBNAILER_CFLAGS='-I/usr/include/gtk-2.0 -I/usr/lib64/gtk-2.0/include -I/usr/include/atk-1.0 -I/usr/include/cairo -I/usr/include/pango-1.0 -I/usr/include/glib-2.0 -I/usr/lib64/glib-2.0/include  '
pkg_cv_PE_THUMBNAILER_LIBS='-lgtk-x11-2.0 -lgdk-x11-2.0 -latk-1.0 -lgdk_pixbuf-2.0 -lpangocairo-1.0 -lpango-1.0 -lcairo -lgio-2.0 -lgobject-2.0 -lgmodule-2.0 -ldl -lglib-2.0  '

## ----------------- ##
## Output variables. ##
## ----------------- ##

ACLOCAL='${SHELL} /home/draco/Codes/pe-thumbnailer/missing --run aclocal-1.10'
AMDEPBACKSLASH='\'
AMDEP_FALSE='#'
AMDEP_TRUE=''
AMTAR='${SHELL} /home/draco/Codes/pe-thumbnailer/missing --run tar'
AUTOCONF='${SHELL} /home/draco/Codes/pe-thumbnailer/missing --run autoconf'
AUTOHEADER='${SHELL} /home/draco/Codes/pe-thumbnailer/missing --run autoheader'
AUTOMAKE='${SHELL} /home/draco/Codes/pe-thumbnailer/missing --run automake-1.10'
AWK='gawk'
CC='gcc'
CCDEPMODE='depmode=gcc3'
CFLAGS='-g -O2'
CPPFLAGS=''
CYGPATH_W='echo'
DEFS='-DPACKAGE_NAME=\"pe-thumbnailer\" -DPACKAGE_TARNAME=\"pe-thumbnailer\" -DPACKAGE_VERSION=\"0.1\" -DPACKAGE_STRING=\"pe-thumbnailer\ 0.1\" -DPACKAGE_BUGREPORT=\"http://example.com\" -DPACKAGE=\"pe-thumbnailer\" -DVERSION=\"0.1\"'
DEPDIR='.deps'
ECHO_C=''
ECHO_N='-n'
ECHO_T=''
EXEEXT=''
INSTALL_DATA='${INSTALL} -m 644'
INSTALL_PROGRAM='${INSTALL}'
INSTALL_SCRIPT='${INSTALL}'
INSTALL_STRIP_PROGRAM='$(install_sh) -c -s'
LDFLAGS=''
LIBOBJS=''
LIBS=''
LTLIBOBJS=''
MAINT='#'
MAINTAINER_MODE_FALSE=''
MAINTAINER_MODE_TRUE='#'
MAKEINFO='${SHELL} /home/draco/Codes/pe-thumbnailer/missing --run makeinfo'
OBJEXT='o'
PACKAGE='pe-thumbnailer'
PACKAGE_BUGREPORT='http://example.com'
PACKAGE_NAME='pe-thumbnailer'
PACKAGE_STRING='pe-thumbnailer 0.1'
PACKAGE_TARNAME='pe-thumbnailer'
PACKAGE_VERSION='0.1'
PATH_SEPARATOR=':'
PE_THUMBNAILER_CFLAGS='-I/usr/include/gtk-2.0 -I/usr/lib64/gtk-2.0/include -I/usr/include/atk-1.0 -I/usr/include/cairo -I/usr/include/pango-1.0 -I/usr/include/glib-2.0 -I/usr/lib64/glib-2.0/include  '
PE_THUMBNAILER_LIBS='-lgtk-x11-2.0 -lgdk-x11-2.0 -latk-1.0 -lgdk_pixbuf-2.0 -lpangocairo-1.0 -lpango-1.0 -lcairo -lgio-2.0 -lgobject-2.0 -lgmodule-2.0 -ldl -lglib-2.0  '
PKG_CONFIG='/usr/bin/pkg-config'
SET_MAKE=''
SHELL='/bin/sh'
STRIP=''
VERSION='0.1'
ac_ct_CC='gcc'
am__fastdepCC_FALSE='#'
am__fastdepCC_TRUE=''
am__include='include'
am__isrc=''
am__leading_dot='.'
am__quote=''
am__tar='${AMTAR} chof - "$$tardir"'
am__untar='${AMTAR} xf -'
bindir='${exec_prefix}/bin'
build_alias=''
datadir='${datarootdir}'
datarootdir='${prefix}/share'
docdir='${datarootdir}/doc/${PACKAGE_TARNAME}'
dvidir='${docdir}'
exec_prefix='${prefix}'
host_alias=''
htmldir='${docdir}'
includedir='${prefix}/include'
infodir='${datarootdir}/info'
install_sh='$(SHELL) /home/draco/Codes/pe-thumbnailer/install-sh'
libdir='${exec_prefix}/lib'
libexecdir='${exec_prefix}/libexec'
localedir='${datarootdir}/locale'
localstatedir='${prefix}/var'
mandir='${datarootdir}/man'
mkdir_p='/bin/mkdir -p'
oldincludedir='/usr/include'
pdfdir='${docdir}'
prefix='/usr/local'
program_transform_name='s,x,x,'
psdir='${docdir}'
sbindir='${exec_prefix}/sbin'
sharedstatedir='${prefix}/com'
sysconfdir='${prefix}/etc'
target_alias=''

## ----------- ##
## confdefs.h. ##
## ----------- ##

#define PACKAGE_NAME "pe-thumbnailer"
#define PACKAGE_TARNAME "pe-thumbnailer"
#define PACKAGE_VERSION "0.1"
#define PACKAGE_STRING "pe-thumbnailer 0.1"
#define PACKAGE_BUGREPORT "http://example.com"
#define PACKAGE "pe-thumbnailer"
#define VERSION "0.1"

configure: exit 0
